[10:33:28] [main/INFO]: Using mbed TLS based native cipher.
[10:33:28] [main/INFO]: Using zlib based native compressor.
[10:33:28] [main/INFO]: Enabled Waterfall version git:Waterfall-Bootstrap:1.19-R0.1-SNAPSHOT:f6069e2:513
[10:33:28] [main/INFO]: Not on Windows, attempting to use enhanced EpollEventLoop
[10:33:28] [main/INFO]: Epoll is working, utilising it!
[10:33:28] [main/INFO]: Discovered module: ModuleSpec(name=cmd_alert, file=modules/cmd_alert.jar, provider=JenkinsModuleSource())
[10:33:28] [main/INFO]: Discovered module: ModuleSpec(name=cmd_find, file=modules/cmd_find.jar, provider=JenkinsModuleSource())
[10:33:28] [main/INFO]: Discovered module: ModuleSpec(name=cmd_list, file=modules/cmd_list.jar, provider=JenkinsModuleSource())
[10:33:28] [main/INFO]: Discovered module: ModuleSpec(name=cmd_send, file=modules/cmd_send.jar, provider=JenkinsModuleSource())
[10:33:28] [main/INFO]: Discovered module: ModuleSpec(name=cmd_server, file=modules/cmd_server.jar, provider=JenkinsModuleSource())
[10:33:28] [main/INFO]: Discovered module: ModuleSpec(name=reconnect_yaml, file=modules/reconnect_yaml.jar, provider=JenkinsModuleSource())
[10:33:30] [main/INFO]: Loaded plugin reconnect_yaml version git:reconnect_yaml:1.19-R0.1-SNAPSHOT:f6069e2:513 by WaterfallMC
[10:33:30] [main/INFO]: Loaded plugin cmd_find version git:cmd_find:1.19-R0.1-SNAPSHOT:f6069e2:513 by WaterfallMC
[10:33:30] [main/INFO]: Loaded plugin cmd_server version git:cmd_server:1.19-R0.1-SNAPSHOT:f6069e2:513 by WaterfallMC
[10:33:30] [main/INFO]: Loaded plugin cmd_alert version git:cmd_alert:1.19-R0.1-SNAPSHOT:f6069e2:513 by WaterfallMC
[10:33:30] [main/INFO]: Loaded plugin cmd_send version git:cmd_send:1.19-R0.1-SNAPSHOT:f6069e2:513 by WaterfallMC
[10:33:30] [main/INFO]: Loaded plugin cmd_list version git:cmd_list:1.19-R0.1-SNAPSHOT:f6069e2:513 by WaterfallMC
[10:33:30] [main/WARN]: :>:>:>:>:>:>:>:>:>:>:>:>:>:>:>:>:>:>:>:>:>:>:>
[10:33:30] [main/WARN]: :>  
[10:33:30] [main/WARN]: :>      EAGLERCRAFTXBUNGEE WARNING:
[10:33:30] [main/WARN]: :>  
[10:33:30] [main/WARN]: :>  This plugin wasn't tested to be 'working'
[10:33:30] [main/WARN]: :>  with ANY version of BungeeCord (and forks)
[10:33:30] [main/WARN]: :>  apart from the versions listed below:
[10:33:30] [main/WARN]: :>  
[10:33:30] [main/WARN]: :>  - BungeeCord: 1.20-R0.3-SNAPSHOT:eda268b:1797
[10:33:30] [main/WARN]: :>  - Waterfall: 1.20-R0.2-SNAPSHOT:92b5149:562
[10:33:30] [main/WARN]: :>  - FlameCord: 1.1.1
[10:33:30] [main/WARN]: :>  
[10:33:30] [main/WARN]: :>  This is not a Bukkit/Spigot plugin!
[10:33:30] [main/WARN]: :>  
[10:33:30] [main/WARN]: :>  Use "-Deaglerxbungee.stfu=true" to hide
[10:33:30] [main/WARN]: :>  
[10:33:30] [main/WARN]: :>:>:>:>:>:>:>:>:>:>:>:>:>:>:>:>:>:>:>:>:>:>:>
[10:33:30] [main/INFO] [EaglercraftXBungee]: Loading vanilla profile: lax1dude
[10:33:31] [Skin Download Thread #1/INFO] [EaglercraftXBungee]: Loaded vanilla profile: lax1dude
[10:33:31] [main/INFO]: Loaded plugin EaglercraftXBungee version 1.0.10 by lax1dude
[10:33:32] [main/WARN]: Forced host server pvp is not defined
[10:33:32] [main/INFO]: Enabled plugin reconnect_yaml version git:reconnect_yaml:1.19-R0.1-SNAPSHOT:f6069e2:513 by WaterfallMC
[10:33:32] [main/INFO]: Enabled plugin cmd_find version git:cmd_find:1.19-R0.1-SNAPSHOT:f6069e2:513 by WaterfallMC
[10:33:32] [main/INFO]: Enabled plugin cmd_server version git:cmd_server:1.19-R0.1-SNAPSHOT:f6069e2:513 by WaterfallMC
[10:33:32] [main/INFO]: Enabled plugin cmd_alert version git:cmd_alert:1.19-R0.1-SNAPSHOT:f6069e2:513 by WaterfallMC
[10:33:32] [main/INFO]: Enabled plugin cmd_send version git:cmd_send:1.19-R0.1-SNAPSHOT:f6069e2:513 by WaterfallMC
[10:33:32] [main/INFO]: Enabled plugin cmd_list version git:cmd_list:1.19-R0.1-SNAPSHOT:f6069e2:513 by WaterfallMC
[10:33:32] [main/ERROR] [EaglercraftXBungee]: Online mode is set to true! Authentication system has been disabled
[10:33:32] [Netty Worker IO Thread #0/INFO] [EaglercraftXBungee]: Eaglercraft is listening on: /0.0.0.0:8081
[10:33:32] [main/INFO] [EaglercraftXBungee]: Connected to database: jdbc:sqlite:eaglercraft_skins_cache.db
[10:33:32] [main/INFO]: Enabled plugin EaglercraftXBungee version 1.0.10 by lax1dude
[10:33:32] [Netty Boss IO Thread #0/INFO]: Listening on /127.0.0.1:25577
[10:33:33] [EaglerXBungee: Network Tick Tasks/INFO] [EaglercraftXBungee]: Loaded certificate: /workspaces/server-test/bungee/plugins/EaglercraftXBungee/eagcert/$dl.2c63d6a9be9d273db57d50cb026093cb97ea6e54.cert
[10:34:12] [Netty Worker IO Thread #1/INFO] [EaglercraftXBungee]: [/[0:0:0:0:0:0:0:1%0]:48854]: Connected via websocket
[10:34:12] [Netty Worker IO Thread #1/INFO] [EaglercraftXBungee]: [/[0:0:0:0:0:0:0:1%0]:48854]: Origin header is https://localhost:8081
[10:34:12] [Netty Worker IO Thread #1/INFO] [EaglercraftXBungee]: [/[0:0:0:0:0:0:0:1%0]:48854]: Logged in as 'Tester_McTestin'
[10:34:12] [Netty Worker IO Thread #1/INFO]: [/[0:0:0:0:0:0:0:1%0]:48854|Tester_McTestin] -> UpstreamBridge has connected
[10:34:12] [Netty Worker IO Thread #1/INFO]: [Tester_McTestin|/[0:0:0:0:0:0:0:1%0]:48854] <-> ServerConnector [lobby] has connected
[10:34:41] [Netty Worker IO Thread #1/INFO]: [/[0:0:0:0:0:0:0:1%0]:48854|Tester_McTestin] -> UpstreamBridge has disconnected
[10:34:41] [Netty Worker IO Thread #1/INFO]: [Tester_McTestin] disconnected with: Proxy lost connection to server.
[10:34:41] [Netty Worker IO Thread #1/INFO]: [/[0:0:0:0:0:0:0:1%0]:48854|Tester_McTestin] <-> DownstreamBridge <-> [lobby] has disconnected
